[ 2019-01-15T11:36:52+08:00 ] /admin/message/index.html | ERR: Cron:cron_1 Runat 2019-01-15 11:36:52 Use 0.000884 s

[ 2019-01-15T11:36:54+08:00 ] /admin/members/index.html | ERR: Cron:cron_1 Runat 2019-01-15 11:36:54 Use 0.001438 s

[ 2019-01-15T11:36:56+08:00 ] /admin/coupon/index.html | ERR: Cron:cron_1 Runat 2019-01-15 11:36:56 Use 0.000730 s

[ 2019-01-15T11:37:04+08:00 ] /admin/item/index.html | ERR: Cron:cron_1 Runat 2019-01-15 11:37:04 Use 0.000826 s

[ 2019-01-15T11:37:10+08:00 ] /admin/bid/recheck.html | ERR: Cron:cron_1 Runat 2019-01-15 11:37:10 Use 0.000818 s

[ 2019-01-15T11:37:12+08:00 ] /admin/bid/recheck.html | ERR: Cron:cron_1 Runat 2019-01-15 11:37:12 Use 0.000796 s

[ 2019-01-15T11:37:21+08:00 ] /Admin/bid/recheck?borrowid=&uid=&iphone=&start_time=2018-08-30+17%3A56%3A55&end_time= | ERR: Cron:cron_1 Runat 2019-01-15 11:37:21 Use 0.000931 s

[ 2019-01-15T11:48:56+08:00 ] /admin/bid/recheck.html | ERR: Cron:cron_1 Runat 2019-01-15 11:48:56 Use 0.001319 s

[ 2019-01-15T11:48:59+08:00 ] /admin/bid/recheck.html | ERR: Cron:cron_1 Runat 2019-01-15 11:48:59 Use 0.000742 s

[ 2019-01-15T11:49:02+08:00 ] /Admin/bid/recheck?borrowid=&uid=&iphone=&start_time=2018-08-30+17%3A56%3A55&end_time= | ERR: Cron:cron_1 Runat 2019-01-15 11:49:02 Use 0.000724 s

[ 2019-01-15T11:51:01+08:00 ] /admin/bid/recheck.html | ERR: Cron:cron_1 Runat 2019-01-15 11:51:01 Use 0.000790 s

[ 2019-01-15T11:51:07+08:00 ] /Admin/bid/recheck?borrowid=&uid=&iphone=&start_time=2018-08-30+17%3A56%3A55&end_time= | ERR: Cron:cron_1 Runat 2019-01-15 11:51:07 Use 0.000722 s

[ 2019-01-15T12:00:31+08:00 ] /test/address | ERR: Cron:cron_1 Runat 2019-01-15 12:00:31 Use 0.001450 s

[ 2019-01-15T12:00:44+08:00 ] /test/address | ERR: Cron:cron_1 Runat 2019-01-15 12:00:44 Use 0.003185 s

[ 2019-01-15T13:25:52+08:00 ] /admin/bid/recheck.html | ERR: Cron:cron_1 Runat 2019-01-15 13:25:52 Use 0.001450 s

[ 2019-01-15T13:25:56+08:00 ] /Admin/bid/recheck?borrowid=&uid=&iphone=&start_time=2018-08-30+17%3A56%3A55&end_time= | ERR: Cron:cron_1 Runat 2019-01-15 13:25:56 Use 0.000729 s

[ 2019-01-15T13:26:08+08:00 ] /admin/bid/recheck.html | ERR: Cron:cron_1 Runat 2019-01-15 13:26:08 Use 0.000719 s

[ 2019-01-15T13:26:12+08:00 ] /Admin/bid/recheck?borrowid=&uid=&iphone=&start_time=2018-08-30+17%3A56%3A55&end_time= | ERR: Cron:cron_1 Runat 2019-01-15 13:26:12 Use 0.001111 s

[ 2019-01-15T13:26:13+08:00 ] /Admin/bid/showrecheck?uid=954&id=301&_=1547529973306 | ERR: Cron:cron_1 Runat 2019-01-15 13:26:13 Use 0.000798 s

[ 2019-01-15T13:26:22+08:00 ] /Admin/bid/revsave | ERR: Cron:cron_1 Runat 2019-01-15 13:26:22 Use 0.000792 s

[ 2019-01-15T13:26:23+08:00 ] /Admin/bid/recheck?borrowid=&uid=&iphone=&start_time=2018-08-30+17%3A56%3A55&end_time= | ERR: Cron:cron_1 Runat 2019-01-15 13:26:23 Use 0.000790 s

[ 2019-01-15T13:26:26+08:00 ] /admin/bid/review.html | ERR: Cron:cron_1 Runat 2019-01-15 13:26:26 Use 0.000782 s

[ 2019-01-15T13:26:30+08:00 ] /Admin/bid/review?borrowid=&uid=&iphone=&start_time=2018-08-30+17%3A56%3A55&end_time= | ERR: Cron:cron_1 Runat 2019-01-15 13:26:30 Use 0.000788 s

[ 2019-01-15T13:26:56+08:00 ] /admin/bid/review.html | ERR: Cron:cron_1 Runat 2019-01-15 13:26:56 Use 0.001070 s

[ 2019-01-15T13:27:04+08:00 ] /admin/bid/review.html | ERR: Cron:cron_1 Runat 2019-01-15 13:27:04 Use 0.000884 s

